2021/03/20 17:11:26 [emerg] 1#1: host not found in upstream "drink-suggetion:3000" in /etc/nginx/nginx.conf:44
2021/03/20 17:11:27 [emerg] 1#1: host not found in upstream "drink-suggetion:3000" in /etc/nginx/nginx.conf:44
2021/03/20 17:11:28 [emerg] 1#1: host not found in upstream "drink-suggetion:3000" in /etc/nginx/nginx.conf:44
2021/03/20 17:11:29 [emerg] 1#1: host not found in upstream "drink-suggetion:3000" in /etc/nginx/nginx.conf:44
2021/03/20 17:11:30 [emerg] 1#1: host not found in upstream "drink-suggetion:3000" in /etc/nginx/nginx.conf:44
2021/03/20 17:11:33 [emerg] 1#1: host not found in upstream "drink-suggetion:3000" in /etc/nginx/nginx.conf:44
2021/03/20 17:11:36 [emerg] 1#1: host not found in upstream "drink-suggetion:3000" in /etc/nginx/nginx.conf:44
2021/03/20 17:11:43 [emerg] 1#1: host not found in upstream "drink-suggetion:3000" in /etc/nginx/nginx.conf:44
2021/03/20 17:11:57 [emerg] 1#1: host not found in upstream "drink-suggetion:3000" in /etc/nginx/nginx.conf:44
2021/03/20 17:12:23 [emerg] 1#1: host not found in upstream "drink-suggetion:3000" in /etc/nginx/nginx.conf:44
2021/03/20 17:13:15 [emerg] 1#1: host not found in upstream "drink-suggetion:3000" in /etc/nginx/nginx.conf:44
2021/03/20 17:14:15 [emerg] 1#1: host not found in upstream "drink-suggetion:3000" in /etc/nginx/nginx.conf:44
2021/03/20 17:15:16 [emerg] 1#1: host not found in upstream "drink-suggetion:3000" in /etc/nginx/nginx.conf:44
2021/03/20 17:16:16 [emerg] 1#1: host not found in upstream "drink-suggetion:3000" in /etc/nginx/nginx.conf:44
2021/03/20 17:18:27 [emerg] 1#1: host not found in upstream "drink-suggetion:3000" in /etc/nginx/nginx.conf:44
2021/03/20 17:18:28 [emerg] 1#1: host not found in upstream "drink-suggetion:3000" in /etc/nginx/nginx.conf:44
2021/03/20 17:18:28 [emerg] 1#1: host not found in upstream "drink-suggetion:3000" in /etc/nginx/nginx.conf:44
2021/03/20 17:18:30 [emerg] 1#1: host not found in upstream "drink-suggetion:3000" in /etc/nginx/nginx.conf:44
2021/03/20 17:18:31 [emerg] 1#1: host not found in upstream "drink-suggetion:3000" in /etc/nginx/nginx.conf:44
2021/03/20 17:18:33 [emerg] 1#1: host not found in upstream "drink-suggetion:3000" in /etc/nginx/nginx.conf:44
2021/03/20 17:18:37 [emerg] 1#1: host not found in upstream "drink-suggetion:3000" in /etc/nginx/nginx.conf:44
2021/03/20 17:18:44 [emerg] 1#1: host not found in upstream "drink-suggetion:3000" in /etc/nginx/nginx.conf:44
2021/03/20 17:18:57 [emerg] 1#1: host not found in upstream "drink-suggetion:3000" in /etc/nginx/nginx.conf:44
2021/03/20 17:21:54 [emerg] 1#1: host not found in upstream "drink-suggetion:3000" in /etc/nginx/nginx.conf:44
2021/03/20 17:21:54 [emerg] 1#1: host not found in upstream "drink-suggetion:3000" in /etc/nginx/nginx.conf:44
2021/03/20 17:21:55 [emerg] 1#1: host not found in upstream "drink-suggetion:3000" in /etc/nginx/nginx.conf:44
2021/03/20 17:21:56 [emerg] 1#1: host not found in upstream "drink-suggetion:3000" in /etc/nginx/nginx.conf:44
2021/03/20 17:21:58 [emerg] 1#1: host not found in upstream "drink-suggetion:3000" in /etc/nginx/nginx.conf:44
2021/03/20 17:22:00 [emerg] 1#1: host not found in upstream "drink-suggetion:3000" in /etc/nginx/nginx.conf:44
2021/03/20 17:22:04 [emerg] 1#1: host not found in upstream "drink-suggetion:3000" in /etc/nginx/nginx.conf:44
2021/03/20 17:22:11 [emerg] 1#1: host not found in upstream "drink-suggetion:3000" in /etc/nginx/nginx.conf:44
2021/03/20 17:24:24 [emerg] 1#1: host not found in upstream "drink-suggetion:3000" in /etc/nginx/nginx.conf:44
2021/03/20 17:24:25 [emerg] 1#1: host not found in upstream "drink-suggetion:3000" in /etc/nginx/nginx.conf:44
2021/03/20 17:24:26 [emerg] 1#1: host not found in upstream "drink-suggetion:3000" in /etc/nginx/nginx.conf:44
2021/03/20 17:24:27 [emerg] 1#1: host not found in upstream "drink-suggetion:3000" in /etc/nginx/nginx.conf:44
2021/03/20 17:24:28 [emerg] 1#1: host not found in upstream "drink-suggetion:3000" in /etc/nginx/nginx.conf:44
2021/03/20 17:24:30 [emerg] 1#1: host not found in upstream "drink-suggetion:3000" in /etc/nginx/nginx.conf:44
2021/03/20 17:24:34 [emerg] 1#1: host not found in upstream "drink-suggetion:3000" in /etc/nginx/nginx.conf:44
2021/03/20 17:24:41 [emerg] 1#1: host not found in upstream "drink-suggetion:3000" in /etc/nginx/nginx.conf:44
2021/03/20 17:24:54 [emerg] 1#1: host not found in upstream "drink-suggestion:3000" in /etc/nginx/nginx.conf:44
2021/03/20 17:25:20 [emerg] 1#1: host not found in upstream "drink-suggestion:3000" in /etc/nginx/nginx.conf:44
2021/03/20 17:25:32 [crit] 1#1: pread() "/etc/nginx/conf.d/redirects.conf" failed (21: Is a directory)
2021/03/20 17:25:33 [crit] 1#1: pread() "/etc/nginx/conf.d/redirects.conf" failed (21: Is a directory)
2021/03/20 17:25:34 [crit] 1#1: pread() "/etc/nginx/conf.d/redirects.conf" failed (21: Is a directory)
2021/03/20 17:25:35 [crit] 1#1: pread() "/etc/nginx/conf.d/redirects.conf" failed (21: Is a directory)
2021/03/20 17:25:36 [crit] 1#1: pread() "/etc/nginx/conf.d/redirects.conf" failed (21: Is a directory)
2021/03/20 17:25:39 [crit] 1#1: pread() "/etc/nginx/conf.d/redirects.conf" failed (21: Is a directory)
2021/03/20 17:25:42 [crit] 1#1: pread() "/etc/nginx/conf.d/redirects.conf" failed (21: Is a directory)
2021/03/20 17:25:49 [crit] 1#1: pread() "/etc/nginx/conf.d/redirects.conf" failed (21: Is a directory)
2021/03/20 17:31:44 [notice] 1#1: using the "epoll" event method
2021/03/20 17:31:44 [notice] 1#1: nginx/1.15.9
2021/03/20 17:31:44 [notice] 1#1: built by gcc 8.2.0 (Alpine 8.2.0) 
2021/03/20 17:31:44 [notice] 1#1: OS: Linux 4.19.121-linuxkit
2021/03/20 17:31:44 [notice] 1#1: getrlimit(RLIMIT_NOFILE): 1048576:1048576
2021/03/20 17:31:44 [notice] 1#1: start worker processes
2021/03/20 17:31:44 [notice] 1#1: start worker process 7
2021/03/20 17:31:44 [notice] 1#1: start worker process 8
2021/03/20 17:31:44 [notice] 1#1: start worker process 9
2021/03/20 17:31:44 [notice] 1#1: start worker process 10
2021/03/20 17:31:44 [notice] 1#1: start worker process 11
2021/03/20 17:31:44 [notice] 1#1: start worker process 12
2021/03/20 17:35:30 [info] 7#7: *1 client closed connection while waiting for request, client: 172.23.0.1, server: 0.0.0.0:80
2021/03/20 17:39:16 [notice] 1#1: signal 15 (SIGTERM) received, exiting
2021/03/20 17:39:16 [notice] 7#7: exiting
2021/03/20 17:39:16 [notice] 8#8: exiting
2021/03/20 17:39:16 [notice] 11#11: exiting
2021/03/20 17:39:16 [notice] 9#9: exiting
2021/03/20 17:39:16 [notice] 10#10: exiting
2021/03/20 17:39:16 [notice] 12#12: exiting
2021/03/20 17:39:16 [notice] 1#1: signal 17 (SIGCHLD) received from 8
2021/03/20 17:39:16 [notice] 1#1: worker process 7 exited with code 0
2021/03/20 17:39:16 [notice] 1#1: worker process 8 exited with code 0
2021/03/20 17:39:16 [notice] 1#1: worker process 11 exited with code 0
2021/03/20 17:39:16 [notice] 1#1: worker process 9 exited with code 0
2021/03/20 17:39:16 [notice] 1#1: worker process 10 exited with code 0
2021/03/20 17:39:16 [notice] 1#1: signal 29 (SIGIO) received
2021/03/20 17:39:16 [notice] 1#1: signal 17 (SIGCHLD) received from 7
2021/03/20 17:39:16 [notice] 1#1: signal 17 (SIGCHLD) received from 12
2021/03/20 17:39:16 [notice] 1#1: worker process 12 exited with code 0
2021/03/20 17:39:16 [notice] 1#1: exit
2021/03/20 17:41:51 [notice] 1#1: using the "epoll" event method
2021/03/20 17:41:51 [notice] 1#1: nginx/1.15.9
2021/03/20 17:41:51 [notice] 1#1: built by gcc 8.2.0 (Alpine 8.2.0) 
2021/03/20 17:41:51 [notice] 1#1: OS: Linux 4.19.121-linuxkit
2021/03/20 17:41:51 [notice] 1#1: getrlimit(RLIMIT_NOFILE): 1048576:1048576
2021/03/20 17:41:51 [notice] 1#1: start worker processes
2021/03/20 17:41:51 [notice] 1#1: start worker process 7
2021/03/20 17:41:51 [notice] 1#1: start worker process 8
2021/03/20 17:41:51 [notice] 1#1: start worker process 9
2021/03/20 17:41:51 [notice] 1#1: start worker process 10
2021/03/20 17:41:51 [notice] 1#1: start worker process 11
2021/03/20 17:41:51 [notice] 1#1: start worker process 12
2021/03/20 17:42:09 [notice] 1#1: signal 15 (SIGTERM) received, exiting
2021/03/20 17:42:09 [notice] 9#9: exiting
2021/03/20 17:42:09 [notice] 7#7: exiting
2021/03/20 17:42:09 [notice] 10#10: exiting
2021/03/20 17:42:09 [notice] 8#8: exiting
2021/03/20 17:42:09 [notice] 12#12: exiting
2021/03/20 17:42:09 [notice] 11#11: exiting
2021/03/20 17:42:09 [notice] 1#1: signal 17 (SIGCHLD) received from 7
2021/03/20 17:42:09 [notice] 1#1: worker process 7 exited with code 0
2021/03/20 17:42:09 [notice] 1#1: worker process 9 exited with code 0
2021/03/20 17:42:09 [notice] 1#1: worker process 10 exited with code 0
2021/03/20 17:42:09 [notice] 1#1: worker process 8 exited with code 0
2021/03/20 17:42:09 [notice] 1#1: worker process 12 exited with code 0
2021/03/20 17:42:09 [notice] 1#1: signal 29 (SIGIO) received
2021/03/20 17:42:09 [notice] 1#1: signal 17 (SIGCHLD) received from 10
2021/03/20 17:42:09 [notice] 1#1: signal 17 (SIGCHLD) received from 11
2021/03/20 17:42:09 [notice] 1#1: worker process 11 exited with code 0
2021/03/20 17:42:09 [notice] 1#1: exit
2021/03/20 17:42:18 [notice] 1#1: using the "epoll" event method
2021/03/20 17:42:18 [notice] 1#1: nginx/1.15.9
2021/03/20 17:42:18 [notice] 1#1: built by gcc 8.2.0 (Alpine 8.2.0) 
2021/03/20 17:42:18 [notice] 1#1: OS: Linux 4.19.121-linuxkit
2021/03/20 17:42:18 [notice] 1#1: getrlimit(RLIMIT_NOFILE): 1048576:1048576
2021/03/20 17:42:18 [notice] 1#1: start worker processes
2021/03/20 17:42:18 [notice] 1#1: start worker process 8
2021/03/20 17:42:18 [notice] 1#1: start worker process 9
2021/03/20 17:42:18 [notice] 1#1: start worker process 10
2021/03/20 17:42:18 [notice] 1#1: start worker process 11
2021/03/20 17:42:18 [notice] 1#1: start worker process 12
2021/03/20 17:42:18 [notice] 1#1: start worker process 13
2021/03/20 17:42:21 [notice] 1#1: signal 15 (SIGTERM) received, exiting
2021/03/20 17:42:21 [notice] 9#9: exiting
2021/03/20 17:42:21 [notice] 10#10: exiting
2021/03/20 17:42:21 [notice] 12#12: exiting
2021/03/20 17:42:21 [notice] 8#8: exiting
2021/03/20 17:42:21 [notice] 13#13: exiting
2021/03/20 17:42:21 [notice] 11#11: exiting
2021/03/20 17:42:21 [notice] 1#1: signal 17 (SIGCHLD) received from 9
2021/03/20 17:42:21 [notice] 1#1: worker process 9 exited with code 0
2021/03/20 17:42:21 [notice] 1#1: worker process 10 exited with code 0
2021/03/20 17:42:21 [notice] 1#1: worker process 12 exited with code 0
2021/03/20 17:42:21 [notice] 1#1: signal 29 (SIGIO) received
2021/03/20 17:42:21 [notice] 1#1: signal 17 (SIGCHLD) received from 12
2021/03/20 17:42:21 [notice] 1#1: signal 17 (SIGCHLD) received from 8
2021/03/20 17:42:21 [notice] 1#1: worker process 8 exited with code 0
2021/03/20 17:42:21 [notice] 1#1: signal 29 (SIGIO) received
2021/03/20 17:42:21 [notice] 1#1: signal 17 (SIGCHLD) received from 13
2021/03/20 17:42:21 [notice] 1#1: worker process 13 exited with code 0
2021/03/20 17:42:21 [notice] 1#1: signal 29 (SIGIO) received
2021/03/20 17:42:21 [notice] 1#1: signal 17 (SIGCHLD) received from 11
2021/03/20 17:42:21 [notice] 1#1: worker process 11 exited with code 0
2021/03/20 17:42:21 [notice] 1#1: exit
2021/03/20 17:44:08 [notice] 1#1: using the "epoll" event method
2021/03/20 17:44:08 [notice] 1#1: nginx/1.15.9
2021/03/20 17:44:08 [notice] 1#1: built by gcc 8.2.0 (Alpine 8.2.0) 
2021/03/20 17:44:08 [notice] 1#1: OS: Linux 4.19.121-linuxkit
2021/03/20 17:44:08 [notice] 1#1: getrlimit(RLIMIT_NOFILE): 1048576:1048576
2021/03/20 17:44:08 [notice] 1#1: start worker processes
2021/03/20 17:44:08 [notice] 1#1: start worker process 7
2021/03/20 17:44:08 [notice] 1#1: start worker process 8
2021/03/20 17:44:08 [notice] 1#1: start worker process 9
2021/03/20 17:44:08 [notice] 1#1: start worker process 10
2021/03/20 17:44:08 [notice] 1#1: start worker process 11
2021/03/20 17:44:08 [notice] 1#1: start worker process 12
2021/03/20 17:45:32 [notice] 1#1: signal 15 (SIGTERM) received, exiting
2021/03/20 17:45:32 [notice] 11#11: exiting
2021/03/20 17:45:32 [notice] 10#10: exiting
2021/03/20 17:45:32 [notice] 9#9: exiting
2021/03/20 17:45:32 [notice] 7#7: exiting
2021/03/20 17:45:32 [notice] 8#8: exiting
2021/03/20 17:45:32 [notice] 12#12: exiting
2021/03/20 17:45:32 [notice] 1#1: signal 17 (SIGCHLD) received from 11
2021/03/20 17:45:32 [notice] 1#1: worker process 11 exited with code 0
2021/03/20 17:45:32 [notice] 1#1: signal 29 (SIGIO) received
2021/03/20 17:45:32 [notice] 1#1: signal 17 (SIGCHLD) received from 10
2021/03/20 17:45:32 [notice] 1#1: worker process 10 exited with code 0
2021/03/20 17:45:32 [notice] 1#1: signal 29 (SIGIO) received
2021/03/20 17:45:32 [notice] 1#1: signal 17 (SIGCHLD) received from 9
2021/03/20 17:45:32 [notice] 1#1: worker process 7 exited with code 0
2021/03/20 17:45:32 [notice] 1#1: worker process 9 exited with code 0
2021/03/20 17:45:32 [notice] 1#1: signal 29 (SIGIO) received
2021/03/20 17:45:32 [notice] 1#1: signal 17 (SIGCHLD) received from 8
2021/03/20 17:45:32 [notice] 1#1: worker process 8 exited with code 0
2021/03/20 17:45:32 [notice] 1#1: signal 29 (SIGIO) received
2021/03/20 17:45:32 [notice] 1#1: signal 17 (SIGCHLD) received from 12
2021/03/20 17:45:32 [notice] 1#1: worker process 12 exited with code 0
2021/03/20 17:45:32 [notice] 1#1: exit
2021/03/20 18:06:34 [notice] 1#1: using the "epoll" event method
2021/03/20 18:06:34 [notice] 1#1: nginx/1.15.9
2021/03/20 18:06:34 [notice] 1#1: built by gcc 8.2.0 (Alpine 8.2.0) 
2021/03/20 18:06:34 [notice] 1#1: OS: Linux 4.19.121-linuxkit
2021/03/20 18:06:34 [notice] 1#1: getrlimit(RLIMIT_NOFILE): 1048576:1048576
2021/03/20 18:06:34 [notice] 1#1: start worker processes
2021/03/20 18:06:34 [notice] 1#1: start worker process 8
2021/03/20 18:06:34 [notice] 1#1: start worker process 9
2021/03/20 18:06:34 [notice] 1#1: start worker process 10
2021/03/20 18:06:34 [notice] 1#1: start worker process 11
2021/03/20 18:06:34 [notice] 1#1: start worker process 12
2021/03/20 18:06:34 [notice] 1#1: start worker process 13
2021/03/20 18:07:31 [notice] 1#1: signal 15 (SIGTERM) received, exiting
2021/03/20 18:07:31 [notice] 10#10: exiting
2021/03/20 18:07:31 [notice] 8#8: exiting
2021/03/20 18:07:31 [notice] 9#9: exiting
2021/03/20 18:07:31 [notice] 12#12: exiting
2021/03/20 18:07:31 [notice] 13#13: exiting
2021/03/20 18:07:31 [notice] 11#11: exiting
2021/03/20 18:07:31 [notice] 1#1: signal 17 (SIGCHLD) received from 10
2021/03/20 18:07:31 [notice] 1#1: worker process 10 exited with code 0
2021/03/20 18:07:31 [notice] 1#1: signal 29 (SIGIO) received
2021/03/20 18:07:31 [notice] 1#1: signal 17 (SIGCHLD) received from 8
2021/03/20 18:07:31 [notice] 1#1: worker process 8 exited with code 0
2021/03/20 18:07:31 [notice] 1#1: worker process 9 exited with code 0
2021/03/20 18:07:31 [notice] 1#1: worker process 11 exited with code 0
2021/03/20 18:07:31 [notice] 1#1: worker process 12 exited with code 0
2021/03/20 18:07:31 [notice] 1#1: worker process 13 exited with code 0
2021/03/20 18:07:31 [notice] 1#1: exit
2021/03/20 18:09:05 [notice] 1#1: using the "epoll" event method
2021/03/20 18:09:05 [notice] 1#1: nginx/1.15.9
2021/03/20 18:09:05 [notice] 1#1: built by gcc 8.2.0 (Alpine 8.2.0) 
2021/03/20 18:09:05 [notice] 1#1: OS: Linux 4.19.121-linuxkit
2021/03/20 18:09:05 [notice] 1#1: getrlimit(RLIMIT_NOFILE): 1048576:1048576
2021/03/20 18:09:05 [notice] 1#1: start worker processes
2021/03/20 18:09:05 [notice] 1#1: start worker process 9
2021/03/20 18:09:05 [notice] 1#1: start worker process 10
2021/03/20 18:09:05 [notice] 1#1: start worker process 11
2021/03/20 18:09:05 [notice] 1#1: start worker process 12
2021/03/20 18:09:05 [notice] 1#1: start worker process 13
2021/03/20 18:09:05 [notice] 1#1: start worker process 14
2021/03/20 18:10:43 [notice] 1#1: signal 15 (SIGTERM) received, exiting
2021/03/20 18:10:43 [notice] 9#9: exiting
2021/03/20 18:10:43 [notice] 10#10: exiting
2021/03/20 18:10:43 [notice] 11#11: exiting
2021/03/20 18:10:43 [notice] 12#12: exiting
2021/03/20 18:10:43 [notice] 13#13: exiting
2021/03/20 18:10:43 [notice] 14#14: exiting
2021/03/20 18:10:43 [notice] 1#1: signal 17 (SIGCHLD) received from 9
2021/03/20 18:10:43 [notice] 1#1: worker process 9 exited with code 0
2021/03/20 18:10:43 [notice] 1#1: worker process 10 exited with code 0
2021/03/20 18:10:43 [notice] 1#1: signal 29 (SIGIO) received
2021/03/20 18:10:43 [notice] 1#1: signal 17 (SIGCHLD) received from 12
2021/03/20 18:10:43 [notice] 1#1: worker process 11 exited with code 0
2021/03/20 18:10:43 [notice] 1#1: worker process 12 exited with code 0
2021/03/20 18:10:43 [notice] 1#1: signal 29 (SIGIO) received
2021/03/20 18:10:43 [notice] 1#1: signal 17 (SIGCHLD) received from 14
2021/03/20 18:10:43 [notice] 1#1: worker process 13 exited with code 0
2021/03/20 18:10:43 [notice] 1#1: worker process 14 exited with code 0
2021/03/20 18:10:43 [notice] 1#1: exit
2021/03/20 18:12:22 [notice] 1#1: using the "epoll" event method
2021/03/20 18:12:22 [notice] 1#1: nginx/1.15.9
2021/03/20 18:12:22 [notice] 1#1: built by gcc 8.2.0 (Alpine 8.2.0) 
2021/03/20 18:12:22 [notice] 1#1: OS: Linux 4.19.121-linuxkit
2021/03/20 18:12:22 [notice] 1#1: getrlimit(RLIMIT_NOFILE): 1048576:1048576
2021/03/20 18:12:22 [notice] 1#1: start worker processes
2021/03/20 18:12:22 [notice] 1#1: start worker process 8
2021/03/20 18:12:22 [notice] 1#1: start worker process 9
2021/03/20 18:12:22 [notice] 1#1: start worker process 10
2021/03/20 18:12:22 [notice] 1#1: start worker process 11
2021/03/20 18:12:22 [notice] 1#1: start worker process 12
2021/03/20 18:12:22 [notice] 1#1: start worker process 13
2021/03/20 18:12:36 [notice] 1#1: signal 15 (SIGTERM) received, exiting
2021/03/20 18:12:36 [notice] 8#8: exiting
2021/03/20 18:12:36 [notice] 10#10: exiting
2021/03/20 18:12:36 [notice] 9#9: exiting
2021/03/20 18:12:36 [notice] 11#11: exiting
2021/03/20 18:12:36 [notice] 13#13: exiting
2021/03/20 18:12:36 [notice] 12#12: exiting
2021/03/20 18:12:36 [notice] 1#1: signal 17 (SIGCHLD) received from 10
2021/03/20 18:12:36 [notice] 1#1: worker process 8 exited with code 0
2021/03/20 18:12:36 [notice] 1#1: worker process 10 exited with code 0
2021/03/20 18:12:36 [notice] 1#1: signal 29 (SIGIO) received
2021/03/20 18:12:36 [notice] 1#1: signal 17 (SIGCHLD) received from 8
2021/03/20 18:12:36 [notice] 1#1: signal 17 (SIGCHLD) received from 11
2021/03/20 18:12:36 [notice] 1#1: worker process 9 exited with code 0
2021/03/20 18:12:36 [notice] 1#1: worker process 11 exited with code 0
2021/03/20 18:12:36 [notice] 1#1: worker process 13 exited with code 0
2021/03/20 18:12:36 [notice] 1#1: signal 29 (SIGIO) received
2021/03/20 18:12:36 [notice] 1#1: signal 17 (SIGCHLD) received from 12
2021/03/20 18:12:36 [notice] 1#1: worker process 12 exited with code 0
2021/03/20 18:12:36 [notice] 1#1: exit
2021/03/20 18:27:27 [notice] 1#1: using the "epoll" event method
2021/03/20 18:27:27 [notice] 1#1: nginx/1.15.9
2021/03/20 18:27:27 [notice] 1#1: built by gcc 8.2.0 (Alpine 8.2.0) 
2021/03/20 18:27:27 [notice] 1#1: OS: Linux 4.19.121-linuxkit
2021/03/20 18:27:27 [notice] 1#1: getrlimit(RLIMIT_NOFILE): 1048576:1048576
2021/03/20 18:27:27 [notice] 1#1: start worker processes
2021/03/20 18:27:27 [notice] 1#1: start worker process 9
2021/03/20 18:27:27 [notice] 1#1: start worker process 10
2021/03/20 18:27:27 [notice] 1#1: start worker process 11
2021/03/20 18:27:27 [notice] 1#1: start worker process 12
2021/03/20 18:27:27 [notice] 1#1: start worker process 13
2021/03/20 18:27:27 [notice] 1#1: start worker process 14
2021/03/20 18:27:39 [notice] 1#1: signal 15 (SIGTERM) received, exiting
2021/03/20 18:27:39 [notice] 10#10: exiting
2021/03/20 18:27:39 [notice] 9#9: exiting
2021/03/20 18:27:39 [notice] 11#11: exiting
2021/03/20 18:27:39 [notice] 12#12: exiting
2021/03/20 18:27:39 [notice] 14#14: exiting
2021/03/20 18:27:39 [notice] 13#13: exiting
2021/03/20 18:27:39 [notice] 1#1: signal 17 (SIGCHLD) received from 10
2021/03/20 18:27:39 [notice] 1#1: worker process 10 exited with code 0
2021/03/20 18:27:39 [notice] 1#1: worker process 9 exited with code 0
2021/03/20 18:27:39 [notice] 1#1: signal 29 (SIGIO) received
2021/03/20 18:27:39 [notice] 1#1: signal 17 (SIGCHLD) received from 9
2021/03/20 18:27:39 [notice] 1#1: worker process 11 exited with code 0
2021/03/20 18:27:39 [notice] 1#1: worker process 12 exited with code 0
2021/03/20 18:27:39 [notice] 1#1: worker process 13 exited with code 0
2021/03/20 18:27:39 [notice] 1#1: worker process 14 exited with code 0
2021/03/20 18:27:39 [notice] 1#1: exit
2021/03/20 18:31:06 [notice] 1#1: using the "epoll" event method
2021/03/20 18:31:06 [notice] 1#1: nginx/1.15.9
2021/03/20 18:31:06 [notice] 1#1: built by gcc 8.2.0 (Alpine 8.2.0) 
2021/03/20 18:31:06 [notice] 1#1: OS: Linux 4.19.121-linuxkit
2021/03/20 18:31:06 [notice] 1#1: getrlimit(RLIMIT_NOFILE): 1048576:1048576
2021/03/20 18:31:06 [notice] 1#1: start worker processes
2021/03/20 18:31:06 [notice] 1#1: start worker process 7
2021/03/20 18:31:06 [notice] 1#1: start worker process 8
2021/03/20 18:31:06 [notice] 1#1: start worker process 9
2021/03/20 18:31:06 [notice] 1#1: start worker process 10
2021/03/20 18:31:06 [notice] 1#1: start worker process 11
2021/03/20 18:31:06 [notice] 1#1: start worker process 12
2021/03/20 18:31:22 [notice] 1#1: signal 15 (SIGTERM) received, exiting
2021/03/20 18:31:22 [notice] 7#7: exiting
2021/03/20 18:31:22 [notice] 9#9: exiting
2021/03/20 18:31:22 [notice] 8#8: exiting
2021/03/20 18:31:22 [notice] 11#11: exiting
2021/03/20 18:31:22 [notice] 12#12: exiting
2021/03/20 18:31:22 [notice] 10#10: exiting
2021/03/20 18:31:22 [notice] 1#1: signal 17 (SIGCHLD) received from 8
2021/03/20 18:31:22 [notice] 1#1: worker process 7 exited with code 0
2021/03/20 18:31:22 [notice] 1#1: worker process 8 exited with code 0
2021/03/20 18:31:22 [notice] 1#1: worker process 9 exited with code 0
2021/03/20 18:31:22 [notice] 1#1: worker process 11 exited with code 0
2021/03/20 18:31:22 [notice] 1#1: signal 29 (SIGIO) received
2021/03/20 18:31:22 [notice] 1#1: signal 17 (SIGCHLD) received from 7
2021/03/20 18:31:22 [notice] 1#1: signal 17 (SIGCHLD) received from 12
2021/03/20 18:31:22 [notice] 1#1: worker process 10 exited with code 0
2021/03/20 18:31:22 [notice] 1#1: worker process 12 exited with code 0
2021/03/20 18:31:22 [notice] 1#1: exit
2021/03/20 18:43:18 [notice] 1#1: using the "epoll" event method
2021/03/20 18:43:18 [notice] 1#1: nginx/1.15.9
2021/03/20 18:43:18 [notice] 1#1: built by gcc 8.2.0 (Alpine 8.2.0) 
2021/03/20 18:43:18 [notice] 1#1: OS: Linux 4.19.121-linuxkit
2021/03/20 18:43:18 [notice] 1#1: getrlimit(RLIMIT_NOFILE): 1048576:1048576
2021/03/20 18:43:18 [notice] 1#1: start worker processes
2021/03/20 18:43:18 [notice] 1#1: start worker process 8
2021/03/20 18:43:18 [notice] 1#1: start worker process 9
2021/03/20 18:43:18 [notice] 1#1: start worker process 10
2021/03/20 18:43:18 [notice] 1#1: start worker process 11
2021/03/20 18:43:18 [notice] 1#1: start worker process 12
2021/03/20 18:43:18 [notice] 1#1: start worker process 13
2021/03/20 18:43:33 [info] 8#8: *1 client closed connection while waiting for request, client: 192.168.0.1, server: 0.0.0.0:80
2021/03/20 18:43:45 [notice] 1#1: signal 15 (SIGTERM) received, exiting
2021/03/20 18:43:45 [notice] 8#8: exiting
2021/03/20 18:43:45 [notice] 9#9: exiting
2021/03/20 18:43:45 [notice] 10#10: exiting
2021/03/20 18:43:45 [notice] 12#12: exiting
2021/03/20 18:43:45 [notice] 11#11: exiting
2021/03/20 18:43:45 [notice] 13#13: exiting
2021/03/20 18:43:45 [notice] 1#1: signal 17 (SIGCHLD) received from 8
2021/03/20 18:43:45 [notice] 1#1: worker process 8 exited with code 0
2021/03/20 18:43:45 [notice] 1#1: signal 29 (SIGIO) received
2021/03/20 18:43:45 [notice] 1#1: signal 17 (SIGCHLD) received from 11
2021/03/20 18:43:45 [notice] 1#1: worker process 9 exited with code 0
2021/03/20 18:43:45 [notice] 1#1: worker process 10 exited with code 0
2021/03/20 18:43:45 [notice] 1#1: worker process 11 exited with code 0
2021/03/20 18:43:45 [notice] 1#1: worker process 12 exited with code 0
2021/03/20 18:43:45 [notice] 1#1: signal 29 (SIGIO) received
2021/03/20 18:43:45 [notice] 1#1: signal 17 (SIGCHLD) received from 12
2021/03/20 18:43:45 [notice] 1#1: signal 17 (SIGCHLD) received from 13
2021/03/20 18:43:45 [notice] 1#1: worker process 13 exited with code 0
2021/03/20 18:43:45 [notice] 1#1: exit
2021/03/20 19:02:42 [notice] 1#1: using the "epoll" event method
2021/03/20 19:02:42 [notice] 1#1: nginx/1.15.9
2021/03/20 19:02:42 [notice] 1#1: built by gcc 8.2.0 (Alpine 8.2.0) 
2021/03/20 19:02:42 [notice] 1#1: OS: Linux 4.19.121-linuxkit
2021/03/20 19:02:42 [notice] 1#1: getrlimit(RLIMIT_NOFILE): 1048576:1048576
2021/03/20 19:02:42 [notice] 1#1: start worker processes
2021/03/20 19:02:42 [notice] 1#1: start worker process 8
2021/03/20 19:02:42 [notice] 1#1: start worker process 9
2021/03/20 19:02:42 [notice] 1#1: start worker process 10
2021/03/20 19:02:42 [notice] 1#1: start worker process 11
2021/03/20 19:02:42 [notice] 1#1: start worker process 12
2021/03/20 19:02:42 [notice] 1#1: start worker process 13
2021/03/20 19:03:47 [info] 8#8: *1 client closed connection while waiting for request, client: 192.168.16.1, server: 0.0.0.0:80
2021/03/20 19:05:20 [notice] 1#1: signal 15 (SIGTERM) received, exiting
2021/03/20 19:05:20 [notice] 8#8: exiting
2021/03/20 19:05:20 [notice] 9#9: exiting
2021/03/20 19:05:20 [notice] 10#10: exiting
2021/03/20 19:05:20 [notice] 12#12: exiting
2021/03/20 19:05:20 [notice] 11#11: exiting
2021/03/20 19:05:20 [notice] 13#13: exiting
2021/03/20 19:05:20 [notice] 1#1: signal 17 (SIGCHLD) received from 10
2021/03/20 19:05:20 [notice] 1#1: worker process 8 exited with code 0
2021/03/20 19:05:20 [notice] 1#1: worker process 10 exited with code 0
2021/03/20 19:05:20 [notice] 1#1: signal 29 (SIGIO) received
2021/03/20 19:05:20 [notice] 1#1: signal 17 (SIGCHLD) received from 9
2021/03/20 19:05:20 [notice] 1#1: worker process 9 exited with code 0
2021/03/20 19:05:20 [notice] 1#1: worker process 12 exited with code 0
2021/03/20 19:05:20 [notice] 1#1: worker process 13 exited with code 0
2021/03/20 19:05:20 [notice] 1#1: signal 29 (SIGIO) received
2021/03/20 19:05:20 [notice] 1#1: signal 17 (SIGCHLD) received from 11
2021/03/20 19:05:20 [notice] 1#1: worker process 11 exited with code 0
2021/03/20 19:05:20 [notice] 1#1: exit
2021/03/20 19:07:57 [notice] 1#1: using the "epoll" event method
2021/03/20 19:07:57 [notice] 1#1: nginx/1.15.9
2021/03/20 19:07:57 [notice] 1#1: built by gcc 8.2.0 (Alpine 8.2.0) 
2021/03/20 19:07:57 [notice] 1#1: OS: Linux 4.19.121-linuxkit
2021/03/20 19:07:57 [notice] 1#1: getrlimit(RLIMIT_NOFILE): 1048576:1048576
2021/03/20 19:07:57 [notice] 1#1: start worker processes
2021/03/20 19:07:57 [notice] 1#1: start worker process 8
2021/03/20 19:07:57 [notice] 1#1: start worker process 9
2021/03/20 19:07:57 [notice] 1#1: start worker process 10
2021/03/20 19:07:57 [notice] 1#1: start worker process 11
2021/03/20 19:07:57 [notice] 1#1: start worker process 12
2021/03/20 19:07:57 [notice] 1#1: start worker process 13
2021/03/20 19:08:30 [error] 8#8: *2 "/drink-suggestion/index.php" is not found (2: No such file or directory), client: 192.168.32.1, server: localhost, request: "GET / HTTP/1.1", host: "localhost"
2021/03/20 19:08:30 [error] 8#8: *2 open() "/drink-suggestion/favicon.ico" failed (2: No such file or directory), client: 192.168.32.1, server: localhost, request: "GET /favicon.ico HTTP/1.1", host: "localhost", referrer: "http://localhost/"
2021/03/20 19:08:33 [error] 8#8: *2 "/drink-suggestion/index.php" is not found (2: No such file or directory), client: 192.168.32.1, server: localhost, request: "GET / HTTP/1.1", host: "localhost"
2021/03/20 19:08:51 [info] 8#8: *3 client closed connection while waiting for request, client: 192.168.32.1, server: 0.0.0.0:80
2021/03/20 19:09:46 [info] 8#8: *1 client closed connection while waiting for request, client: 192.168.32.1, server: 0.0.0.0:80
2021/03/20 19:09:46 [error] 8#8: *2 "/drink-suggestion/index.php" is not found (2: No such file or directory), client: 192.168.32.1, server: localhost, request: "GET / HTTP/1.1", host: "localhost"
2021/03/20 19:10:02 [error] 8#8: *2 "/drink-suggestion/index.php" is not found (2: No such file or directory), client: 192.168.32.1, server: localhost, request: "GET / HTTP/1.1", host: "localhost"
2021/03/20 19:11:34 [info] 8#8: *4 client closed connection while waiting for request, client: 192.168.32.1, server: 0.0.0.0:80
2021/03/20 19:11:46 [notice] 1#1: signal 15 (SIGTERM) received, exiting
2021/03/20 19:11:46 [notice] 8#8: exiting
2021/03/20 19:11:46 [notice] 9#9: exiting
2021/03/20 19:11:46 [notice] 10#10: exiting
2021/03/20 19:11:46 [notice] 13#13: exiting
2021/03/20 19:11:46 [notice] 12#12: exiting
2021/03/20 19:11:46 [notice] 11#11: exiting
2021/03/20 19:11:46 [notice] 1#1: signal 17 (SIGCHLD) received from 9
2021/03/20 19:11:46 [notice] 1#1: worker process 8 exited with code 0
2021/03/20 19:11:46 [notice] 1#1: worker process 9 exited with code 0
2021/03/20 19:11:46 [notice] 1#1: worker process 10 exited with code 0
2021/03/20 19:11:46 [notice] 1#1: worker process 11 exited with code 0
2021/03/20 19:11:46 [notice] 1#1: worker process 12 exited with code 0
2021/03/20 19:11:46 [notice] 1#1: worker process 13 exited with code 0
2021/03/20 19:11:46 [notice] 1#1: exit
2021/03/20 19:11:49 [notice] 1#1: using the "epoll" event method
2021/03/20 19:11:49 [notice] 1#1: nginx/1.15.9
2021/03/20 19:11:49 [notice] 1#1: built by gcc 8.2.0 (Alpine 8.2.0) 
2021/03/20 19:11:49 [notice] 1#1: OS: Linux 4.19.121-linuxkit
2021/03/20 19:11:49 [notice] 1#1: getrlimit(RLIMIT_NOFILE): 1048576:1048576
2021/03/20 19:11:49 [notice] 1#1: start worker processes
2021/03/20 19:11:49 [notice] 1#1: start worker process 9
2021/03/20 19:11:49 [notice] 1#1: start worker process 10
2021/03/20 19:11:49 [notice] 1#1: start worker process 11
2021/03/20 19:11:49 [notice] 1#1: start worker process 12
2021/03/20 19:11:49 [notice] 1#1: start worker process 13
2021/03/20 19:11:49 [notice] 1#1: start worker process 14
2021/03/20 19:11:53 [error] 9#9: *1 directory index of "/" is forbidden, client: 192.168.32.1, server: localhost, request: "GET / HTTP/1.1", host: "localhost"
2021/03/20 19:11:56 [error] 9#9: *1 directory index of "/" is forbidden, client: 192.168.32.1, server: localhost, request: "GET / HTTP/1.1", host: "localhost"
2021/03/20 19:11:59 [error] 9#9: *1 directory index of "/" is forbidden, client: 192.168.32.1, server: localhost, request: "GET / HTTP/1.1", host: "localhost"
2021/03/20 19:12:00 [error] 9#9: *1 directory index of "/" is forbidden, client: 192.168.32.1, server: localhost, request: "GET / HTTP/1.1", host: "localhost"
2021/03/20 19:12:00 [error] 9#9: *1 directory index of "/" is forbidden, client: 192.168.32.1, server: localhost, request: "GET / HTTP/1.1", host: "localhost"
2021/03/20 19:12:02 [error] 9#9: *1 directory index of "/" is forbidden, client: 192.168.32.1, server: localhost, request: "GET / HTTP/1.1", host: "localhost"
2021/03/20 19:12:03 [error] 9#9: *1 directory index of "/" is forbidden, client: 192.168.32.1, server: localhost, request: "GET / HTTP/1.1", host: "localhost"
2021/03/20 19:12:03 [error] 9#9: *1 directory index of "/" is forbidden, client: 192.168.32.1, server: localhost, request: "GET / HTTP/1.1", host: "localhost"
2021/03/20 19:12:03 [error] 9#9: *1 directory index of "/" is forbidden, client: 192.168.32.1, server: localhost, request: "GET / HTTP/1.1", host: "localhost"
2021/03/20 19:12:03 [error] 9#9: *1 directory index of "/" is forbidden, client: 192.168.32.1, server: localhost, request: "GET / HTTP/1.1", host: "localhost"
2021/03/20 19:12:04 [error] 9#9: *1 directory index of "/" is forbidden, client: 192.168.32.1, server: localhost, request: "GET / HTTP/1.1", host: "localhost"
2021/03/20 19:12:04 [error] 9#9: *1 directory index of "/" is forbidden, client: 192.168.32.1, server: localhost, request: "GET / HTTP/1.1", host: "localhost"
2021/03/20 19:12:05 [error] 9#9: *1 directory index of "/" is forbidden, client: 192.168.32.1, server: localhost, request: "GET / HTTP/1.1", host: "localhost"
2021/03/20 19:12:05 [error] 9#9: *1 open() "/favicon.ico" failed (2: No such file or directory), client: 192.168.32.1, server: localhost, request: "GET /favicon.ico HTTP/1.1", host: "localhost", referrer: "http://localhost/"
2021/03/20 19:12:05 [error] 9#9: *1 directory index of "/" is forbidden, client: 192.168.32.1, server: localhost, request: "GET / HTTP/1.1", host: "localhost"
2021/03/20 19:12:05 [error] 9#9: *1 open() "/favicon.ico" failed (2: No such file or directory), client: 192.168.32.1, server: localhost, request: "GET /favicon.ico HTTP/1.1", host: "localhost", referrer: "http://localhost/"
2021/03/20 19:12:10 [error] 9#9: *1 directory index of "/" is forbidden, client: 192.168.32.1, server: localhost, request: "GET / HTTP/1.1", host: "localhost"
2021/03/20 19:12:13 [error] 9#9: *1 open() "/index" failed (2: No such file or directory), client: 192.168.32.1, server: localhost, request: "GET /index HTTP/1.1", host: "localhost"
2021/03/20 19:12:14 [error] 9#9: *1 open() "/index" failed (2: No such file or directory), client: 192.168.32.1, server: localhost, request: "GET /index HTTP/1.1", host: "localhost"
2021/03/20 19:12:15 [error] 9#9: *1 open() "/index" failed (2: No such file or directory), client: 192.168.32.1, server: localhost, request: "GET /index HTTP/1.1", host: "localhost"
2021/03/20 19:12:15 [error] 9#9: *1 open() "/index" failed (2: No such file or directory), client: 192.168.32.1, server: localhost, request: "GET /index HTTP/1.1", host: "localhost"
2021/03/20 19:12:17 [error] 9#9: *1 directory index of "/" is forbidden, client: 192.168.32.1, server: localhost, request: "GET / HTTP/1.1", host: "localhost"
2021/03/20 19:13:10 [info] 9#9: *2 client closed connection while waiting for request, client: 192.168.32.1, server: 0.0.0.0:80
2021/03/20 19:13:55 [info] 9#9: *3 client closed connection while waiting for request, client: 192.168.32.1, server: 0.0.0.0:80
2021/03/20 19:18:22 [info] 9#9: *1 client 192.168.32.1 closed keepalive connection
2021/03/20 19:19:00 [info] 9#9: *4 client closed connection while waiting for request, client: 192.168.32.1, server: 0.0.0.0:80
2021/03/20 19:20:47 [error] 9#9: *5 directory index of "/" is forbidden, client: 192.168.32.1, server: localhost, request: "GET / HTTP/1.1", host: "localhost"
2021/03/20 19:20:49 [error] 9#9: *5 directory index of "/" is forbidden, client: 192.168.32.1, server: localhost, request: "GET / HTTP/1.1", host: "localhost"
2021/03/20 19:20:50 [error] 9#9: *5 directory index of "/" is forbidden, client: 192.168.32.1, server: localhost, request: "GET / HTTP/1.1", host: "localhost"
2021/03/20 19:21:12 [notice] 1#1: signal 15 (SIGTERM) received, exiting
2021/03/20 19:21:12 [notice] 11#11: exiting
2021/03/20 19:21:12 [notice] 14#14: exiting
2021/03/20 19:21:12 [notice] 12#12: exiting
2021/03/20 19:21:12 [notice] 10#10: exiting
2021/03/20 19:21:12 [notice] 13#13: exiting
2021/03/20 19:21:12 [notice] 9#9: exiting
2021/03/20 19:21:12 [notice] 1#1: signal 17 (SIGCHLD) received from 12
2021/03/20 19:21:12 [notice] 1#1: worker process 11 exited with code 0
2021/03/20 19:21:12 [notice] 1#1: worker process 12 exited with code 0
2021/03/20 19:21:12 [notice] 1#1: worker process 14 exited with code 0
2021/03/20 19:21:12 [notice] 1#1: signal 29 (SIGIO) received
2021/03/20 19:21:12 [notice] 1#1: signal 17 (SIGCHLD) received from 14
2021/03/20 19:21:12 [notice] 1#1: worker process 10 exited with code 0
2021/03/20 19:21:12 [notice] 1#1: signal 29 (SIGIO) received
2021/03/20 19:21:12 [notice] 1#1: signal 17 (SIGCHLD) received from 10
2021/03/20 19:21:12 [notice] 1#1: worker process 9 exited with code 0
2021/03/20 19:21:12 [notice] 1#1: worker process 13 exited with code 0
2021/03/20 19:21:12 [notice] 1#1: exit
2021/03/20 19:21:22 [notice] 1#1: using the "epoll" event method
2021/03/20 19:21:22 [notice] 1#1: nginx/1.15.9
2021/03/20 19:21:22 [notice] 1#1: built by gcc 8.2.0 (Alpine 8.2.0) 
2021/03/20 19:21:22 [notice] 1#1: OS: Linux 4.19.121-linuxkit
2021/03/20 19:21:22 [notice] 1#1: getrlimit(RLIMIT_NOFILE): 1048576:1048576
2021/03/20 19:21:22 [notice] 1#1: start worker processes
2021/03/20 19:21:22 [notice] 1#1: start worker process 8
2021/03/20 19:21:22 [notice] 1#1: start worker process 9
2021/03/20 19:21:22 [notice] 1#1: start worker process 10
2021/03/20 19:21:22 [notice] 1#1: start worker process 11
2021/03/20 19:21:22 [notice] 1#1: start worker process 12
2021/03/20 19:21:22 [notice] 1#1: start worker process 13
2021/03/20 19:21:31 [error] 8#8: *1 "/drink-suggestion/index.php" is not found (2: No such file or directory), client: 192.168.48.1, server: localhost, request: "GET / HTTP/1.1", host: "localhost"
2021/03/20 19:21:33 [error] 8#8: *1 "/drink-suggestion/index.php" is not found (2: No such file or directory), client: 192.168.48.1, server: localhost, request: "GET / HTTP/1.1", host: "localhost"
2021/03/20 19:21:34 [error] 8#8: *1 "/drink-suggestion/index.php" is not found (2: No such file or directory), client: 192.168.48.1, server: localhost, request: "GET / HTTP/1.1", host: "localhost"
2021/03/20 19:23:38 [info] 8#8: *2 client closed connection while waiting for request, client: 192.168.48.1, server: 0.0.0.0:80
2021/03/20 19:23:41 [notice] 1#1: signal 15 (SIGTERM) received, exiting
2021/03/20 19:23:41 [notice] 8#8: exiting
2021/03/20 19:23:41 [notice] 11#11: exiting
2021/03/20 19:23:41 [notice] 12#12: exiting
2021/03/20 19:23:41 [notice] 13#13: exiting
2021/03/20 19:23:41 [notice] 10#10: exiting
2021/03/20 19:23:41 [notice] 9#9: exiting
2021/03/20 19:23:41 [notice] 1#1: signal 17 (SIGCHLD) received from 11
2021/03/20 19:23:41 [notice] 1#1: worker process 8 exited with code 0
2021/03/20 19:23:41 [notice] 1#1: worker process 11 exited with code 0
2021/03/20 19:23:41 [notice] 1#1: signal 29 (SIGIO) received
2021/03/20 19:23:41 [notice] 1#1: signal 17 (SIGCHLD) received from 8
2021/03/20 19:23:41 [notice] 1#1: signal 17 (SIGCHLD) received from 12
2021/03/20 19:23:41 [notice] 1#1: worker process 12 exited with code 0
2021/03/20 19:23:41 [notice] 1#1: worker process 13 exited with code 0
2021/03/20 19:23:41 [notice] 1#1: signal 29 (SIGIO) received
2021/03/20 19:23:41 [notice] 1#1: signal 17 (SIGCHLD) received from 10
2021/03/20 19:23:41 [notice] 1#1: worker process 10 exited with code 0
2021/03/20 19:23:41 [notice] 1#1: signal 29 (SIGIO) received
2021/03/20 19:23:41 [notice] 1#1: signal 17 (SIGCHLD) received from 9
2021/03/20 19:23:41 [notice] 1#1: worker process 9 exited with code 0
2021/03/20 19:23:41 [notice] 1#1: exit
2021/03/20 19:23:48 [notice] 1#1: using the "epoll" event method
2021/03/20 19:23:48 [notice] 1#1: nginx/1.15.9
2021/03/20 19:23:48 [notice] 1#1: built by gcc 8.2.0 (Alpine 8.2.0) 
2021/03/20 19:23:48 [notice] 1#1: OS: Linux 4.19.121-linuxkit
2021/03/20 19:23:48 [notice] 1#1: getrlimit(RLIMIT_NOFILE): 1048576:1048576
2021/03/20 19:23:48 [notice] 1#1: start worker processes
2021/03/20 19:23:48 [notice] 1#1: start worker process 9
2021/03/20 19:23:48 [notice] 1#1: start worker process 10
2021/03/20 19:23:48 [notice] 1#1: start worker process 11
2021/03/20 19:23:48 [notice] 1#1: start worker process 12
2021/03/20 19:23:48 [notice] 1#1: start worker process 13
2021/03/20 19:23:48 [notice] 1#1: start worker process 14
2021/03/20 19:23:54 [error] 9#9: *1 directory index of "/" is forbidden, client: 192.168.80.1, server: localhost, request: "GET / HTTP/1.1", host: "localhost"
2021/03/20 19:23:55 [error] 9#9: *1 directory index of "/" is forbidden, client: 192.168.80.1, server: localhost, request: "GET / HTTP/1.1", host: "localhost"
2021/03/20 19:23:57 [error] 9#9: *1 directory index of "/" is forbidden, client: 192.168.80.1, server: localhost, request: "GET / HTTP/1.1", host: "localhost"
2021/03/20 19:23:58 [error] 9#9: *1 directory index of "/" is forbidden, client: 192.168.80.1, server: localhost, request: "GET / HTTP/1.1", host: "localhost"
2021/03/20 19:23:59 [error] 9#9: *1 directory index of "/" is forbidden, client: 192.168.80.1, server: localhost, request: "GET / HTTP/1.1", host: "localhost"
2021/03/20 19:23:59 [error] 9#9: *1 directory index of "/" is forbidden, client: 192.168.80.1, server: localhost, request: "GET / HTTP/1.1", host: "localhost"
2021/03/20 19:23:59 [error] 9#9: *1 directory index of "/" is forbidden, client: 192.168.80.1, server: localhost, request: "GET / HTTP/1.1", host: "localhost"
2021/03/20 19:24:00 [error] 9#9: *1 directory index of "/" is forbidden, client: 192.168.80.1, server: localhost, request: "GET / HTTP/1.1", host: "localhost"
2021/03/20 19:24:00 [error] 9#9: *1 directory index of "/" is forbidden, client: 192.168.80.1, server: localhost, request: "GET / HTTP/1.1", host: "localhost"
2021/03/20 19:24:04 [info] 9#9: *3 client closed connection while waiting for request, client: 192.168.80.1, server: 0.0.0.0:80
2021/03/20 19:24:09 [error] 9#9: *1 directory index of "/" is forbidden, client: 192.168.80.1, server: localhost, request: "GET / HTTP/1.1", host: "localhost"
2021/03/20 19:24:09 [error] 9#9: *1 directory index of "/" is forbidden, client: 192.168.80.1, server: localhost, request: "GET / HTTP/1.1", host: "localhost"
2021/03/20 19:24:09 [error] 9#9: *1 directory index of "/" is forbidden, client: 192.168.80.1, server: localhost, request: "GET / HTTP/1.1", host: "localhost"
2021/03/20 19:24:12 [error] 9#9: *1 directory index of "/" is forbidden, client: 192.168.80.1, server: localhost, request: "GET / HTTP/1.1", host: "localhost"
2021/03/20 19:24:12 [error] 9#9: *1 directory index of "/" is forbidden, client: 192.168.80.1, server: localhost, request: "GET / HTTP/1.1", host: "localhost"
2021/03/20 19:25:22 [info] 9#9: *2 client closed connection while waiting for request, client: 192.168.80.1, server: 0.0.0.0:80
2021/03/20 19:26:03 [notice] 1#1: signal 15 (SIGTERM) received, exiting
2021/03/20 19:26:03 [notice] 11#11: exiting
2021/03/20 19:26:03 [notice] 12#12: exiting
2021/03/20 19:26:03 [notice] 13#13: exiting
2021/03/20 19:26:03 [notice] 9#9: exiting
2021/03/20 19:26:03 [notice] 14#14: exiting
2021/03/20 19:26:03 [notice] 10#10: exiting
2021/03/20 19:26:03 [notice] 1#1: signal 17 (SIGCHLD) received from 12
2021/03/20 19:26:03 [notice] 1#1: worker process 12 exited with code 0
2021/03/20 19:26:03 [notice] 1#1: signal 29 (SIGIO) received
2021/03/20 19:26:03 [notice] 1#1: signal 17 (SIGCHLD) received from 11
2021/03/20 19:26:03 [notice] 1#1: worker process 11 exited with code 0
2021/03/20 19:26:03 [notice] 1#1: worker process 9 exited with code 0
2021/03/20 19:26:03 [notice] 1#1: worker process 13 exited with code 0
2021/03/20 19:26:03 [notice] 1#1: worker process 14 exited with code 0
2021/03/20 19:26:03 [notice] 1#1: signal 17 (SIGCHLD) received from 14
2021/03/20 19:26:03 [notice] 1#1: worker process 10 exited with code 0
2021/03/20 19:26:03 [notice] 1#1: signal 17 (SIGCHLD) received from 10
2021/03/20 19:26:03 [info] 1#1: waitpid() failed (10: No child process)
2021/03/20 19:26:03 [notice] 1#1: exit
2021/03/20 19:26:09 [notice] 1#1: using the "epoll" event method
2021/03/20 19:26:09 [notice] 1#1: nginx/1.15.9
2021/03/20 19:26:09 [notice] 1#1: built by gcc 8.2.0 (Alpine 8.2.0) 
2021/03/20 19:26:09 [notice] 1#1: OS: Linux 4.19.121-linuxkit
2021/03/20 19:26:09 [notice] 1#1: getrlimit(RLIMIT_NOFILE): 1048576:1048576
2021/03/20 19:26:09 [notice] 1#1: start worker processes
2021/03/20 19:26:09 [notice] 1#1: start worker process 8
2021/03/20 19:26:09 [notice] 1#1: start worker process 9
2021/03/20 19:26:09 [notice] 1#1: start worker process 10
2021/03/20 19:26:09 [notice] 1#1: start worker process 11
2021/03/20 19:26:09 [notice] 1#1: start worker process 12
2021/03/20 19:26:09 [notice] 1#1: start worker process 13
2021/03/20 19:26:13 [error] 8#8: *1 connect() failed (111: Connection refused) while connecting to upstream, client: 192.168.96.1, server: localhost, request: "GET / HTTP/1.1", upstream: "http://192.168.96.3:3000/", host: "localhost"
2021/03/20 19:26:13 [error] 8#8: *1 connect() failed (111: Connection refused) while connecting to upstream, client: 192.168.96.1, server: localhost, request: "GET / HTTP/1.1", upstream: "http://192.168.96.3:3000/500.html", host: "localhost"
2021/03/20 19:26:14 [error] 8#8: *1 connect() failed (111: Connection refused) while connecting to upstream, client: 192.168.96.1, server: localhost, request: "GET / HTTP/1.1", upstream: "http://192.168.96.3:3000/", host: "localhost"
2021/03/20 19:26:14 [error] 8#8: *1 connect() failed (111: Connection refused) while connecting to upstream, client: 192.168.96.1, server: localhost, request: "GET / HTTP/1.1", upstream: "http://192.168.96.3:3000/500.html", host: "localhost"
2021/03/20 19:26:15 [error] 8#8: *1 connect() failed (111: Connection refused) while connecting to upstream, client: 192.168.96.1, server: localhost, request: "GET / HTTP/1.1", upstream: "http://192.168.96.3:3000/", host: "localhost"
2021/03/20 19:26:15 [error] 8#8: *1 connect() failed (111: Connection refused) while connecting to upstream, client: 192.168.96.1, server: localhost, request: "GET / HTTP/1.1", upstream: "http://192.168.96.3:3000/500.html", host: "localhost"
2021/03/20 19:26:16 [error] 8#8: *1 connect() failed (111: Connection refused) while connecting to upstream, client: 192.168.96.1, server: localhost, request: "GET / HTTP/1.1", upstream: "http://192.168.96.3:3000/", host: "localhost"
2021/03/20 19:26:16 [error] 8#8: *1 connect() failed (111: Connection refused) while connecting to upstream, client: 192.168.96.1, server: localhost, request: "GET / HTTP/1.1", upstream: "http://192.168.96.3:3000/500.html", host: "localhost"
2021/03/20 19:27:25 [notice] 1#1: signal 15 (SIGTERM) received, exiting
2021/03/20 19:27:25 [notice] 8#8: exiting
2021/03/20 19:27:25 [notice] 9#9: exiting
2021/03/20 19:27:25 [notice] 13#13: exiting
2021/03/20 19:27:25 [notice] 11#11: exiting
2021/03/20 19:27:25 [notice] 12#12: exiting
2021/03/20 19:27:25 [notice] 10#10: exiting
2021/03/20 19:27:25 [notice] 1#1: signal 17 (SIGCHLD) received from 9
2021/03/20 19:27:25 [notice] 1#1: worker process 8 exited with code 0
2021/03/20 19:27:25 [notice] 1#1: worker process 9 exited with code 0
2021/03/20 19:27:25 [notice] 1#1: signal 29 (SIGIO) received
2021/03/20 19:27:25 [notice] 1#1: signal 17 (SIGCHLD) received from 8
2021/03/20 19:27:25 [notice] 1#1: worker process 12 exited with code 0
2021/03/20 19:27:25 [notice] 1#1: worker process 10 exited with code 0
2021/03/20 19:27:25 [notice] 1#1: worker process 11 exited with code 0
2021/03/20 19:27:25 [notice] 1#1: worker process 13 exited with code 0
2021/03/20 19:27:25 [notice] 1#1: exit
2021/03/20 19:27:32 [notice] 1#1: using the "epoll" event method
2021/03/20 19:27:32 [notice] 1#1: nginx/1.15.9
2021/03/20 19:27:32 [notice] 1#1: built by gcc 8.2.0 (Alpine 8.2.0) 
2021/03/20 19:27:32 [notice] 1#1: OS: Linux 4.19.121-linuxkit
2021/03/20 19:27:32 [notice] 1#1: getrlimit(RLIMIT_NOFILE): 1048576:1048576
2021/03/20 19:27:32 [notice] 1#1: start worker processes
2021/03/20 19:27:32 [notice] 1#1: start worker process 8
2021/03/20 19:27:32 [notice] 1#1: start worker process 9
2021/03/20 19:27:32 [notice] 1#1: start worker process 10
2021/03/20 19:27:32 [notice] 1#1: start worker process 11
2021/03/20 19:27:32 [notice] 1#1: start worker process 12
2021/03/20 19:27:32 [notice] 1#1: start worker process 13
2021/03/20 19:28:05 [info] 8#8: *1 epoll_wait() reported that client prematurely closed connection, so upstream connection is closed too while sending request to upstream, client: 192.168.112.1, server: localhost, request: "GET / HTTP/1.1", upstream: "http://192.168.112.3:3000/", host: "localhost"
2021/03/20 19:28:06 [info] 8#8: *2 epoll_wait() reported that client prematurely closed connection, so upstream connection is closed too while sending request to upstream, client: 192.168.112.1, server: localhost, request: "GET / HTTP/1.1", upstream: "http://192.168.112.3:3000/", host: "localhost"
2021/03/20 19:28:07 [info] 8#8: *5 epoll_wait() reported that client prematurely closed connection, so upstream connection is closed too while sending request to upstream, client: 192.168.112.1, server: localhost, request: "GET / HTTP/1.1", upstream: "http://192.168.112.3:3000/", host: "localhost"
2021/03/20 19:28:07 [info] 8#8: *6 epoll_wait() reported that client prematurely closed connection, so upstream connection is closed too while sending request to upstream, client: 192.168.112.1, server: localhost, request: "GET / HTTP/1.1", upstream: "http://192.168.112.3:3000/", host: "localhost"
2021/03/20 19:29:06 [info] 8#8: *15 client closed connection while waiting for request, client: 192.168.112.1, server: 0.0.0.0:80
2021/03/20 19:29:09 [info] 9#9: *10 client closed connection while waiting for request, client: 192.168.112.1, server: 0.0.0.0:80
2021/03/20 19:29:41 [info] 8#8: *8 epoll_wait() reported that client prematurely closed connection, so upstream connection is closed too while sending request to upstream, client: 192.168.112.1, server: localhost, request: "GET / HTTP/1.1", upstream: "http://192.168.112.3:3000/", host: "localhost"
2021/03/20 19:30:42 [info] 9#9: *18 client closed connection while waiting for request, client: 192.168.112.1, server: 0.0.0.0:80
2021/03/20 19:31:25 [notice] 1#1: signal 15 (SIGTERM) received, exiting
2021/03/20 19:31:25 [notice] 10#10: exiting
2021/03/20 19:31:25 [notice] 12#12: exiting
2021/03/20 19:31:25 [notice] 13#13: exiting
2021/03/20 19:31:25 [notice] 9#9: exiting
2021/03/20 19:31:25 [notice] 8#8: exiting
2021/03/20 19:31:25 [notice] 11#11: exiting
2021/03/20 19:31:25 [notice] 1#1: signal 17 (SIGCHLD) received from 10
2021/03/20 19:31:25 [notice] 1#1: worker process 10 exited with code 0
2021/03/20 19:31:25 [notice] 1#1: worker process 12 exited with code 0
2021/03/20 19:31:25 [notice] 1#1: signal 29 (SIGIO) received
2021/03/20 19:31:25 [notice] 1#1: signal 17 (SIGCHLD) received from 12
2021/03/20 19:31:25 [notice] 1#1: signal 17 (SIGCHLD) received from 13
2021/03/20 19:31:25 [notice] 1#1: worker process 8 exited with code 0
2021/03/20 19:31:25 [notice] 1#1: worker process 9 exited with code 0
2021/03/20 19:31:25 [notice] 1#1: worker process 13 exited with code 0
2021/03/20 19:31:25 [notice] 1#1: signal 29 (SIGIO) received
2021/03/20 19:31:25 [notice] 1#1: signal 17 (SIGCHLD) received from 9
2021/03/20 19:31:25 [notice] 1#1: signal 17 (SIGCHLD) received from 11
2021/03/20 19:31:25 [notice] 1#1: worker process 11 exited with code 0
2021/03/20 19:31:25 [notice] 1#1: exit
2021/03/20 19:31:35 [notice] 1#1: using the "epoll" event method
2021/03/20 19:31:35 [notice] 1#1: nginx/1.15.9
2021/03/20 19:31:35 [notice] 1#1: built by gcc 8.2.0 (Alpine 8.2.0) 
2021/03/20 19:31:35 [notice] 1#1: OS: Linux 4.19.121-linuxkit
2021/03/20 19:31:35 [notice] 1#1: getrlimit(RLIMIT_NOFILE): 1048576:1048576
2021/03/20 19:31:35 [notice] 1#1: start worker processes
2021/03/20 19:31:35 [notice] 1#1: start worker process 9
2021/03/20 19:31:35 [notice] 1#1: start worker process 10
2021/03/20 19:31:35 [notice] 1#1: start worker process 11
2021/03/20 19:31:35 [notice] 1#1: start worker process 12
2021/03/20 19:31:35 [notice] 1#1: start worker process 13
2021/03/20 19:31:35 [notice] 1#1: start worker process 14
2021/03/20 19:31:48 [info] 9#9: *1 epoll_wait() reported that client prematurely closed connection, so upstream connection is closed too while sending request to upstream, client: 192.168.128.1, server: localhost, request: "GET / HTTP/1.1", upstream: "http://192.168.128.3:3000/", host: "localhost"
2021/03/20 19:31:50 [info] 9#9: *2 epoll_wait() reported that client prematurely closed connection, so upstream connection is closed too while sending request to upstream, client: 192.168.128.1, server: localhost, request: "GET / HTTP/1.1", upstream: "http://192.168.128.3:3000/", host: "localhost"
2021/03/20 19:31:57 [notice] 1#1: signal 15 (SIGTERM) received, exiting
2021/03/20 19:31:57 [notice] 10#10: exiting
2021/03/20 19:31:57 [notice] 9#9: exiting
2021/03/20 19:31:57 [notice] 12#12: exiting
2021/03/20 19:31:57 [notice] 13#13: exiting
2021/03/20 19:31:57 [notice] 11#11: exiting
2021/03/20 19:31:57 [notice] 14#14: exiting
2021/03/20 19:31:57 [notice] 1#1: signal 17 (SIGCHLD) received from 9
2021/03/20 19:31:57 [notice] 1#1: worker process 9 exited with code 0
2021/03/20 19:31:57 [notice] 1#1: signal 29 (SIGIO) received
2021/03/20 19:31:57 [notice] 1#1: signal 17 (SIGCHLD) received from 10
2021/03/20 19:31:57 [notice] 1#1: worker process 10 exited with code 0
2021/03/20 19:31:57 [notice] 1#1: worker process 13 exited with code 0
2021/03/20 19:31:57 [notice] 1#1: signal 29 (SIGIO) received
2021/03/20 19:31:57 [notice] 1#1: signal 17 (SIGCHLD) received from 12
2021/03/20 19:31:57 [notice] 1#1: worker process 11 exited with code 0
2021/03/20 19:31:57 [notice] 1#1: worker process 12 exited with code 0
2021/03/20 19:31:57 [notice] 1#1: signal 29 (SIGIO) received
2021/03/20 19:31:57 [notice] 1#1: signal 17 (SIGCHLD) received from 14
2021/03/20 19:31:57 [notice] 1#1: worker process 14 exited with code 0
2021/03/20 19:31:57 [notice] 1#1: exit
2021/03/20 19:39:28 [notice] 1#1: using the "epoll" event method
2021/03/20 19:39:28 [notice] 1#1: nginx/1.15.9
2021/03/20 19:39:28 [notice] 1#1: built by gcc 8.2.0 (Alpine 8.2.0) 
2021/03/20 19:39:28 [notice] 1#1: OS: Linux 4.19.121-linuxkit
2021/03/20 19:39:28 [notice] 1#1: getrlimit(RLIMIT_NOFILE): 1048576:1048576
2021/03/20 19:39:28 [notice] 1#1: start worker processes
2021/03/20 19:39:28 [notice] 1#1: start worker process 8
2021/03/20 19:39:28 [notice] 1#1: start worker process 9
2021/03/20 19:39:28 [notice] 1#1: start worker process 10
2021/03/20 19:39:28 [notice] 1#1: start worker process 11
2021/03/20 19:39:28 [notice] 1#1: start worker process 12
2021/03/20 19:39:28 [notice] 1#1: start worker process 13
2021/03/20 19:39:48 [info] 8#8: *1 epoll_wait() reported that client prematurely closed connection, so upstream connection is closed too while sending request to upstream, client: 192.168.144.1, server: localhost, request: "GET / HTTP/1.1", upstream: "http://192.168.144.3:3000/", host: "localhost"
2021/03/20 19:40:40 [info] 8#8: *2 epoll_wait() reported that client prematurely closed connection, so upstream connection is closed too while sending request to upstream, client: 192.168.144.1, server: localhost, request: "GET / HTTP/1.1", upstream: "http://192.168.144.3:3000/", host: "localhost"
2021/03/20 19:40:41 [info] 9#9: *6 epoll_wait() reported that client prematurely closed connection, so upstream connection is closed too while sending request to upstream, client: 192.168.144.1, server: localhost, request: "GET / HTTP/1.1", upstream: "http://192.168.144.3:3000/", host: "localhost"
2021/03/20 19:40:41 [info] 8#8: *10 epoll_wait() reported that client prematurely closed connection, so upstream connection is closed too while sending request to upstream, client: 192.168.144.1, server: localhost, request: "GET / HTTP/1.1", upstream: "http://192.168.144.3:3000/", host: "localhost"
2021/03/20 19:40:41 [info] 8#8: *12 epoll_wait() reported that client prematurely closed connection, so upstream connection is closed too while sending request to upstream, client: 192.168.144.1, server: localhost, request: "GET / HTTP/1.1", upstream: "http://192.168.144.3:3000/", host: "localhost"
2021/03/20 19:40:42 [info] 8#8: *14 epoll_wait() reported that client prematurely closed connection, so upstream connection is closed too while sending request to upstream, client: 192.168.144.1, server: localhost, request: "GET / HTTP/1.1", upstream: "http://192.168.144.3:3000/", host: "localhost"
2021/03/20 19:40:42 [info] 9#9: *16 epoll_wait() reported that client prematurely closed connection, so upstream connection is closed too while sending request to upstream, client: 192.168.144.1, server: localhost, request: "GET / HTTP/1.1", upstream: "http://192.168.144.3:3000/", host: "localhost"
2021/03/20 19:41:43 [info] 10#10: *21 client closed connection while waiting for request, client: 192.168.144.1, server: 0.0.0.0:80
2021/03/20 19:44:12 [info] 8#8: *23 client closed connection while waiting for request, client: 192.168.144.1, server: 0.0.0.0:80
2021/03/20 19:45:25 [warn] 8#8: *18 an upstream response is buffered to a temporary file /var/cache/nginx/proxy_temp/1/00/0000000001 while reading upstream, client: 192.168.144.1, server: localhost, request: "GET /assets/bootstrap.self-52fe8679f9aba899120a1a4be65a4f79a38ee113ea1809247c03fa1d84fab652.css?body=1 HTTP/1.1", upstream: "http://192.168.144.3:3000/assets/bootstrap.self-52fe8679f9aba899120a1a4be65a4f79a38ee113ea1809247c03fa1d84fab652.css?body=1", host: "localhost", referrer: "http://localhost/"
2021/03/20 19:46:06 [notice] 1#1: signal 15 (SIGTERM) received, exiting
2021/03/20 19:46:06 [notice] 10#10: exiting
2021/03/20 19:46:06 [notice] 8#8: exiting
2021/03/20 19:46:06 [notice] 11#11: exiting
2021/03/20 19:46:06 [notice] 12#12: exiting
2021/03/20 19:46:06 [notice] 9#9: exiting
2021/03/20 19:46:06 [notice] 13#13: exiting
2021/03/20 19:46:06 [notice] 1#1: signal 17 (SIGCHLD) received from 10
2021/03/20 19:46:06 [notice] 1#1: worker process 10 exited with code 0
2021/03/20 19:46:06 [notice] 1#1: signal 29 (SIGIO) received
2021/03/20 19:46:06 [notice] 1#1: signal 17 (SIGCHLD) received from 11
2021/03/20 19:46:06 [notice] 1#1: worker process 8 exited with code 0
2021/03/20 19:46:06 [notice] 1#1: worker process 11 exited with code 0
2021/03/20 19:46:06 [notice] 1#1: signal 29 (SIGIO) received
2021/03/20 19:46:06 [notice] 1#1: signal 17 (SIGCHLD) received from 8
2021/03/20 19:46:06 [notice] 1#1: signal 17 (SIGCHLD) received from 12
2021/03/20 19:46:06 [notice] 1#1: worker process 9 exited with code 0
2021/03/20 19:46:06 [notice] 1#1: worker process 12 exited with code 0
2021/03/20 19:46:06 [notice] 1#1: signal 29 (SIGIO) received
2021/03/20 19:46:06 [notice] 1#1: signal 17 (SIGCHLD) received from 9
2021/03/20 19:46:06 [notice] 1#1: signal 17 (SIGCHLD) received from 13
2021/03/20 19:46:06 [notice] 1#1: worker process 13 exited with code 0
2021/03/20 19:46:06 [notice] 1#1: exit
2021/03/20 19:51:39 [notice] 1#1: using the "epoll" event method
2021/03/20 19:51:39 [notice] 1#1: nginx/1.15.9
2021/03/20 19:51:39 [notice] 1#1: built by gcc 8.2.0 (Alpine 8.2.0) 
2021/03/20 19:51:39 [notice] 1#1: OS: Linux 4.19.121-linuxkit
2021/03/20 19:51:39 [notice] 1#1: getrlimit(RLIMIT_NOFILE): 1048576:1048576
2021/03/20 19:51:39 [notice] 1#1: start worker processes
2021/03/20 19:51:39 [notice] 1#1: start worker process 7
2021/03/20 19:51:39 [notice] 1#1: start worker process 8
2021/03/20 19:51:39 [notice] 1#1: start worker process 9
2021/03/20 19:51:39 [notice] 1#1: start worker process 10
2021/03/20 19:51:39 [notice] 1#1: start worker process 11
2021/03/20 19:51:39 [notice] 1#1: start worker process 12
2021/03/20 19:52:16 [notice] 1#1: signal 15 (SIGTERM) received, exiting
2021/03/20 19:52:16 [notice] 11#11: exiting
2021/03/20 19:52:16 [notice] 8#8: exiting
2021/03/20 19:52:16 [notice] 9#9: exiting
2021/03/20 19:52:16 [notice] 7#7: exiting
2021/03/20 19:52:16 [notice] 12#12: exiting
2021/03/20 19:52:16 [notice] 10#10: exiting
2021/03/20 19:52:16 [notice] 1#1: signal 17 (SIGCHLD) received from 8
2021/03/20 19:52:16 [notice] 1#1: worker process 8 exited with code 0
2021/03/20 19:52:16 [notice] 1#1: worker process 7 exited with code 0
2021/03/20 19:52:16 [notice] 1#1: worker process 9 exited with code 0
2021/03/20 19:52:16 [notice] 1#1: worker process 11 exited with code 0
2021/03/20 19:52:16 [notice] 1#1: worker process 10 exited with code 0
2021/03/20 19:52:16 [notice] 1#1: worker process 12 exited with code 0
2021/03/20 19:52:16 [notice] 1#1: exit
2021/03/20 19:53:42 [notice] 1#1: using the "epoll" event method
2021/03/20 19:53:42 [notice] 1#1: nginx/1.15.9
2021/03/20 19:53:42 [notice] 1#1: built by gcc 8.2.0 (Alpine 8.2.0) 
2021/03/20 19:53:42 [notice] 1#1: OS: Linux 4.19.121-linuxkit
2021/03/20 19:53:42 [notice] 1#1: getrlimit(RLIMIT_NOFILE): 1048576:1048576
2021/03/20 19:53:42 [notice] 1#1: start worker processes
2021/03/20 19:53:42 [notice] 1#1: start worker process 7
2021/03/20 19:53:42 [notice] 1#1: start worker process 8
2021/03/20 19:53:42 [notice] 1#1: start worker process 9
2021/03/20 19:53:42 [notice] 1#1: start worker process 10
2021/03/20 19:53:42 [notice] 1#1: start worker process 11
2021/03/20 19:53:42 [notice] 1#1: start worker process 12
2021/03/20 19:54:04 [error] 7#7: *2 connect() failed (111: Connection refused) while connecting to upstream, client: 192.168.160.1, server: localhost, request: "GET / HTTP/1.1", upstream: "http://192.168.160.3:3000/", host: "localhost"
2021/03/20 19:54:04 [error] 7#7: *2 connect() failed (111: Connection refused) while connecting to upstream, client: 192.168.160.1, server: localhost, request: "GET / HTTP/1.1", upstream: "http://192.168.160.3:3000/500.html", host: "localhost"
2021/03/20 19:54:19 [info] 7#7: *5 client closed connection while waiting for request, client: 192.168.160.1, server: 0.0.0.0:80
2021/03/20 19:54:30 [error] 7#7: *2 connect() failed (111: Connection refused) while connecting to upstream, client: 192.168.160.1, server: localhost, request: "GET / HTTP/1.1", upstream: "http://192.168.160.3:3000/", host: "localhost"
2021/03/20 19:54:30 [error] 7#7: *2 connect() failed (111: Connection refused) while connecting to upstream, client: 192.168.160.1, server: localhost, request: "GET / HTTP/1.1", upstream: "http://192.168.160.3:3000/500.html", host: "localhost"
2021/03/20 19:54:30 [error] 7#7: *2 connect() failed (111: Connection refused) while connecting to upstream, client: 192.168.160.1, server: localhost, request: "GET /favicon.ico HTTP/1.1", upstream: "http://192.168.160.3:3000/favicon.ico", host: "localhost", referrer: "http://localhost/"
2021/03/20 19:54:30 [error] 7#7: *2 connect() failed (111: Connection refused) while connecting to upstream, client: 192.168.160.1, server: localhost, request: "GET /favicon.ico HTTP/1.1", upstream: "http://192.168.160.3:3000/500.html", host: "localhost", referrer: "http://localhost/"
2021/03/20 19:54:32 [error] 7#7: *2 connect() failed (111: Connection refused) while connecting to upstream, client: 192.168.160.1, server: localhost, request: "GET / HTTP/1.1", upstream: "http://192.168.160.3:3000/", host: "localhost"
2021/03/20 19:54:32 [error] 7#7: *2 connect() failed (111: Connection refused) while connecting to upstream, client: 192.168.160.1, server: localhost, request: "GET / HTTP/1.1", upstream: "http://192.168.160.3:3000/500.html", host: "localhost"
2021/03/20 19:54:32 [error] 7#7: *2 connect() failed (111: Connection refused) while connecting to upstream, client: 192.168.160.1, server: localhost, request: "GET /favicon.ico HTTP/1.1", upstream: "http://192.168.160.3:3000/favicon.ico", host: "localhost", referrer: "http://localhost/"
2021/03/20 19:54:32 [error] 7#7: *2 connect() failed (111: Connection refused) while connecting to upstream, client: 192.168.160.1, server: localhost, request: "GET /favicon.ico HTTP/1.1", upstream: "http://192.168.160.3:3000/500.html", host: "localhost", referrer: "http://localhost/"
2021/03/20 19:55:05 [info] 7#7: *1 client closed connection while waiting for request, client: 192.168.160.1, server: 0.0.0.0:80
2021/03/20 19:59:21 [info] 7#7: *18 client closed connection while waiting for request, client: 192.168.160.1, server: 0.0.0.0:80
2021/03/20 20:01:02 [info] 7#7: *19 client closed connection while waiting for request, client: 192.168.160.1, server: 0.0.0.0:80
2021/03/20 20:02:43 [notice] 1#1: signal 15 (SIGTERM) received, exiting
2021/03/20 20:02:43 [notice] 9#9: exiting
2021/03/20 20:02:43 [notice] 12#12: exiting
2021/03/20 20:02:43 [notice] 11#11: exiting
2021/03/20 20:02:43 [notice] 10#10: exiting
2021/03/20 20:02:43 [notice] 7#7: exiting
2021/03/20 20:02:43 [notice] 8#8: exiting
2021/03/20 20:02:43 [notice] 1#1: signal 17 (SIGCHLD) received from 9
2021/03/20 20:02:43 [notice] 1#1: worker process 9 exited with code 0
2021/03/20 20:02:43 [notice] 1#1: worker process 11 exited with code 0
2021/03/20 20:02:43 [notice] 1#1: worker process 12 exited with code 0
2021/03/20 20:02:43 [notice] 1#1: signal 29 (SIGIO) received
2021/03/20 20:02:43 [notice] 1#1: signal 17 (SIGCHLD) received from 12
2021/03/20 20:02:43 [notice] 1#1: signal 17 (SIGCHLD) received from 10
2021/03/20 20:02:43 [notice] 1#1: worker process 7 exited with code 0
2021/03/20 20:02:43 [notice] 1#1: worker process 8 exited with code 0
2021/03/20 20:02:43 [notice] 1#1: worker process 10 exited with code 0
2021/03/20 20:02:43 [notice] 1#1: exit
2021/03/20 20:06:28 [notice] 1#1: using the "epoll" event method
2021/03/20 20:06:28 [notice] 1#1: nginx/1.15.9
2021/03/20 20:06:28 [notice] 1#1: built by gcc 8.2.0 (Alpine 8.2.0) 
2021/03/20 20:06:28 [notice] 1#1: OS: Linux 4.19.121-linuxkit
2021/03/20 20:06:28 [notice] 1#1: getrlimit(RLIMIT_NOFILE): 1048576:1048576
2021/03/20 20:06:28 [notice] 1#1: start worker processes
2021/03/20 20:06:28 [notice] 1#1: start worker process 8
2021/03/20 20:06:28 [notice] 1#1: start worker process 9
2021/03/20 20:06:28 [notice] 1#1: start worker process 10
2021/03/20 20:06:28 [notice] 1#1: start worker process 11
2021/03/20 20:06:28 [notice] 1#1: start worker process 12
2021/03/20 20:06:28 [notice] 1#1: start worker process 13
2021/03/20 20:07:01 [error] 8#8: *2 connect() failed (111: Connection refused) while connecting to upstream, client: 192.168.160.1, server: localhost, request: "GET / HTTP/1.1", upstream: "http://192.168.160.3:3000/", host: "localhost"
2021/03/20 20:07:01 [error] 8#8: *2 connect() failed (111: Connection refused) while connecting to upstream, client: 192.168.160.1, server: localhost, request: "GET / HTTP/1.1", upstream: "http://192.168.160.3:3000/500.html", host: "localhost"
2021/03/20 20:07:01 [error] 8#8: *2 connect() failed (111: Connection refused) while connecting to upstream, client: 192.168.160.1, server: localhost, request: "GET /favicon.ico HTTP/1.1", upstream: "http://192.168.160.3:3000/favicon.ico", host: "localhost", referrer: "http://localhost/"
2021/03/20 20:07:01 [error] 8#8: *2 connect() failed (111: Connection refused) while connecting to upstream, client: 192.168.160.1, server: localhost, request: "GET /favicon.ico HTTP/1.1", upstream: "http://192.168.160.3:3000/500.html", host: "localhost", referrer: "http://localhost/"
2021/03/20 20:08:01 [info] 8#8: *1 client closed connection while waiting for request, client: 192.168.160.1, server: 0.0.0.0:80
2021/03/20 20:09:29 [info] 8#8: *10 client closed connection while waiting for request, client: 192.168.160.1, server: 0.0.0.0:80
2021/03/20 20:11:34 [info] 8#8: *11 client closed connection while waiting for request, client: 192.168.160.1, server: 0.0.0.0:80
2021/03/20 20:12:39 [info] 8#8: *14 client closed connection while waiting for request, client: 192.168.160.1, server: 0.0.0.0:80
2021/03/20 20:14:01 [info] 8#8: *23 client closed connection while waiting for request, client: 192.168.160.1, server: 0.0.0.0:80
2021/03/20 20:14:33 [info] 8#8: *32 client closed connection while waiting for request, client: 192.168.160.1, server: 0.0.0.0:80
2021/03/20 20:15:20 [info] 8#8: *29 client closed connection while waiting for request, client: 192.168.160.1, server: 0.0.0.0:80
2021/03/20 20:18:59 [info] 8#8: *39 client closed connection while waiting for request, client: 192.168.160.1, server: 0.0.0.0:80
2021/03/20 20:19:35 [info] 8#8: *43 client closed connection while waiting for request, client: 192.168.160.1, server: 0.0.0.0:80
2021/03/20 20:23:00 [info] 8#8: *2 client 192.168.160.1 closed keepalive connection
2021/03/20 20:24:37 [info] 8#8: *44 client closed connection while waiting for request, client: 192.168.160.1, server: 0.0.0.0:80
2021/03/20 20:29:39 [info] 8#8: *45 client closed connection while waiting for request, client: 192.168.160.1, server: 0.0.0.0:80
